2018-02-10 10:11:18,376 ERROR [Worker-12] - System.err - [org.eclipse.jdt.launching] error can't determine modifiers of missing type org.eclipse.pde.internal.ui.wizards.imports.PluginImportHelper
when weaving type org.eclipse.jdt.internal.launching.JREContainerInitializer
when weaving classes 
when weaving 
 [Xlint:cantFindType]
2018-02-10 10:11:40,511 ERROR [main] - System.err - [org.eclipse.jdt.debug] error can't determine modifiers of missing type org.eclipse.pde.internal.ui.wizards.imports.PluginImportHelper
when weaving type org.eclipse.jdt.debug.core.IJavaLineBreakpoint
when weaving classes 
when weaving 
 [Xlint:cantFindType]
2018-02-10 10:11:59,990 ERROR [main] - System.err - [org.eclipse.jdt.debug.ui] error can't determine modifiers of missing type org.eclipse.pde.internal.ui.wizards.imports.PluginImportHelper
when weaving type org.eclipse.jdt.internal.debug.ui.actions.RetargettableActionAdapterFactory
when weaving classes 
when weaving 
 [Xlint:cantFindType]
2018-02-10 10:14:46,267 ERROR [main] - System.err - [org.eclipse.jdt.junit] error can't determine modifiers of missing type org.eclipse.pde.internal.ui.wizards.imports.PluginImportHelper
when weaving type org.eclipse.jdt.internal.junit.ui.JUnitQuickFixProcessor
when weaving classes 
when weaving 
 [Xlint:cantFindType]
2018-02-10 10:43:16,118 ERROR [Info view input computer] - System.err - Exception in thread "Info view input computer"
2018-02-10 10:43:16,119 ERROR [Info view input computer] - System.err - java.lang.IllegalArgumentException: assign (not open) [in Variable [in [Working copy] Variable.java [in csp [in src [in search_library]]]]] does not exist
2018-02-10 10:43:16,119 ERROR [Info view input computer] - System.err - at org.eclipse.jdt.core.dom.CompilationUnitResolver$1Requestor.acceptAST(CompilationUnitResolver.java:795)
2018-02-10 10:43:16,119 ERROR [Info view input computer] - System.err - at org.eclipse.jdt.core.dom.CompilationUnitResolver.resolve(CompilationUnitResolver.java:907)
2018-02-10 10:43:16,119 ERROR [Info view input computer] - System.err - at org.eclipse.jdt.core.dom.CompilationUnitResolver.resolve(CompilationUnitResolver.java:588)
2018-02-10 10:43:16,119 ERROR [Info view input computer] - System.err - at org.eclipse.jdt.core.dom.CompilationUnitResolver.resolve(CompilationUnitResolver.java:806)
2018-02-10 10:43:16,119 ERROR [Info view input computer] - System.err - at org.eclipse.jdt.core.dom.ASTParser.createBindings(ASTParser.java:1057)
2018-02-10 10:43:16,119 ERROR [Info view input computer] - System.err - at org.eclipse.jdt.internal.ui.infoviews.JavadocView.computeFieldConstantFromTypeAST(JavadocView.java:1336)
2018-02-10 10:43:16,119 ERROR [Info view input computer] - System.err - at org.eclipse.jdt.internal.ui.infoviews.JavadocView.computeFieldConstant(JavadocView.java:1287)
2018-02-10 10:43:16,119 ERROR [Info view input computer] - System.err - at org.eclipse.jdt.internal.ui.infoviews.JavadocView.getJavadocHtml(JavadocView.java:1045)
2018-02-10 10:43:16,119 ERROR [Info view input computer] - System.err - at org.eclipse.jdt.internal.ui.infoviews.JavadocView.computeInput(JavadocView.java:874)
2018-02-10 10:43:16,119 ERROR [Info view input computer] - System.err - at org.eclipse.jdt.internal.ui.infoviews.AbstractInfoView$2.run(AbstractInfoView.java:728)
2018-02-10 13:23:43,311 ERROR [main] - System.err - [org.eclipse.jdt.launching] error can't determine modifiers of missing type org.eclipse.pde.internal.ui.wizards.imports.PluginImportHelper
when weaving type org.eclipse.jdt.launching.JavaRuntime
when weaving classes 
when weaving 
 [Xlint:cantFindType]
2018-02-10 13:23:49,225 ERROR [main] - System.err - [org.eclipse.jdt.junit] error can't determine modifiers of missing type org.eclipse.pde.internal.ui.wizards.imports.PluginImportHelper
when weaving type org.eclipse.jdt.internal.junit.ui.JUnitQuickFixProcessor
when weaving classes 
when weaving 
 [Xlint:cantFindType]
2018-02-10 13:23:59,343 ERROR [main] - System.err - [org.eclipse.jdt.debug] error can't determine modifiers of missing type org.eclipse.pde.internal.ui.wizards.imports.PluginImportHelper
when weaving type org.eclipse.jdt.internal.debug.core.breakpoints.JavaClassPrepareBreakpoint
when weaving classes 
when weaving 
 [Xlint:cantFindType]
2018-02-10 13:25:00,495 ERROR [main] - System.err - [org.eclipse.jdt.debug.ui] error can't determine modifiers of missing type org.eclipse.pde.internal.ui.wizards.imports.PluginImportHelper
when weaving type org.eclipse.jdt.internal.debug.ui.actions.RetargettableActionAdapterFactory
when weaving classes 
when weaving 
 [Xlint:cantFindType]
2018-02-11 10:37:34,429 ERROR [main] - System.err - [org.eclipse.jdt.launching] error can't determine modifiers of missing type org.eclipse.pde.internal.ui.wizards.imports.PluginImportHelper
when weaving type org.eclipse.jdt.launching.JavaRuntime
when weaving classes 
when weaving 
 [Xlint:cantFindType]
2018-02-11 10:38:08,001 ERROR [main] - System.err - [org.eclipse.jdt.debug] error can't determine modifiers of missing type org.eclipse.pde.internal.ui.wizards.imports.PluginImportHelper
when weaving type org.eclipse.jdt.internal.debug.core.breakpoints.JavaClassPrepareBreakpoint
when weaving classes 
when weaving 
 [Xlint:cantFindType]
2018-02-11 10:38:18,998 ERROR [main] - System.err - [org.eclipse.jdt.debug.ui] error can't determine modifiers of missing type org.eclipse.pde.internal.ui.wizards.imports.PluginImportHelper
when weaving type org.eclipse.jdt.internal.debug.ui.actions.RetargettableActionAdapterFactory
when weaving classes 
when weaving 
 [Xlint:cantFindType]
2018-02-11 10:38:25,470 ERROR [main] - System.err - [org.eclipse.jdt.junit] error can't determine modifiers of missing type org.eclipse.pde.internal.ui.wizards.imports.PluginImportHelper
when weaving type org.eclipse.jdt.internal.junit.ui.JUnitQuickFixProcessor
when weaving classes 
when weaving 
 [Xlint:cantFindType]
2018-02-12 14:03:38,569 ERROR [main] - System.err - [org.eclipse.jdt.launching] error can't determine modifiers of missing type org.eclipse.pde.internal.ui.wizards.imports.PluginImportHelper
when weaving type org.eclipse.jdt.launching.JavaRuntime
when weaving classes 
when weaving 
 [Xlint:cantFindType]
2018-02-12 14:03:46,019 ERROR [main] - System.err - [org.eclipse.jdt.junit] error can't determine modifiers of missing type org.eclipse.pde.internal.ui.wizards.imports.PluginImportHelper
when weaving type org.eclipse.jdt.internal.junit.ui.JUnitQuickFixProcessor
when weaving classes 
when weaving 
 [Xlint:cantFindType]
2018-02-12 14:04:04,386 ERROR [main] - System.err - [org.eclipse.jdt.debug] error can't determine modifiers of missing type org.eclipse.pde.internal.ui.wizards.imports.PluginImportHelper
when weaving type org.eclipse.jdt.internal.debug.core.breakpoints.JavaClassPrepareBreakpoint
when weaving classes 
when weaving 
 [Xlint:cantFindType]
2018-02-12 14:05:04,122 ERROR [main] - System.err - [org.eclipse.jdt.debug.ui] error can't determine modifiers of missing type org.eclipse.pde.internal.ui.wizards.imports.PluginImportHelper
when weaving type org.eclipse.jdt.internal.debug.ui.actions.RetargettableActionAdapterFactory
when weaving classes 
when weaving 
 [Xlint:cantFindType]
2018-02-14 08:31:10,496 ERROR [main] - System.err - [org.eclipse.jdt.launching] error can't determine modifiers of missing type org.eclipse.pde.internal.ui.wizards.imports.PluginImportHelper
when weaving type org.eclipse.jdt.launching.JavaRuntime
when weaving classes 
when weaving 
 [Xlint:cantFindType]
2018-02-14 08:31:25,915 ERROR [main] - System.err - [org.eclipse.jdt.junit] error can't determine modifiers of missing type org.eclipse.pde.internal.ui.wizards.imports.PluginImportHelper
when weaving type org.eclipse.jdt.internal.junit.ui.JUnitQuickFixProcessor
when weaving classes 
when weaving 
 [Xlint:cantFindType]
2018-02-14 08:31:54,936 ERROR [main] - System.err - [org.eclipse.jdt.debug] error can't determine modifiers of missing type org.eclipse.pde.internal.ui.wizards.imports.PluginImportHelper
when weaving type org.eclipse.jdt.internal.debug.core.breakpoints.JavaClassPrepareBreakpoint
when weaving classes 
when weaving 
 [Xlint:cantFindType]
2018-02-14 08:32:32,288 ERROR [main] - System.err - [org.eclipse.jdt.debug.ui] error can't determine modifiers of missing type org.eclipse.pde.internal.ui.wizards.imports.PluginImportHelper
when weaving type org.eclipse.jdt.internal.debug.ui.JDIModelPresentation
when weaving classes 
when weaving 
 [Xlint:cantFindType]
2018-02-14 08:43:31,698 ERROR [main] - System.err - [org.eclipse.jdt.launching] error can't determine modifiers of missing type org.eclipse.pde.internal.ui.wizards.imports.PluginImportHelper
when weaving type org.eclipse.jdt.launching.JavaRuntime
when weaving classes 
when weaving 
 [Xlint:cantFindType]
2018-02-14 08:43:41,266 ERROR [main] - System.err - [org.eclipse.jdt.debug] error can't determine modifiers of missing type org.eclipse.pde.internal.ui.wizards.imports.PluginImportHelper
when weaving type org.eclipse.jdt.internal.debug.core.breakpoints.JavaClassPrepareBreakpoint
when weaving classes 
when weaving 
 [Xlint:cantFindType]
2018-02-14 08:43:42,270 ERROR [main] - System.err - [org.eclipse.jdt.debug.ui] error can't determine modifiers of missing type org.eclipse.pde.internal.ui.wizards.imports.PluginImportHelper
when weaving type org.eclipse.jdt.internal.debug.ui.actions.RetargettableActionAdapterFactory
when weaving classes 
when weaving 
 [Xlint:cantFindType]
2018-02-14 08:44:52,225 ERROR [main] - System.err - [org.eclipse.jdt.junit] error can't determine modifiers of missing type org.eclipse.pde.internal.ui.wizards.imports.PluginImportHelper
when weaving type org.eclipse.jdt.internal.junit.ui.JUnitQuickFixProcessor
when weaving classes 
when weaving 
 [Xlint:cantFindType]
